<?xml version="1.0" encoding="UTF-8"?>
<!-- Generated by org.testng.reporters.JUnitReportReporter -->
<testsuite hostname="D7F8G6D3" failures="0" tests="2" name="com.qa.amazon.tests.LoginPageTest" time="14.061" errors="2" timestamp="14 May 2024 13:26:53 GMT" skipped="0">
  <testcase classname="com.qa.amazon.tests.LoginPageTest" name="signInPagenavigationtest" time="13.994">
    <error message="Error {
  message=&#039;Target page, context or browser has been closed
  name=&#039;TargetClosedError
  stack=&#039;TargetClosedError:Target page, context or browser has been closed
Error
    at captureRawStack (C:\Users\SnowTest\AppData\Local\Temp\playwright-java-9042564322434612093\package\lib\utils\stackTrace.js:50:17)
    at LongStandingScope._race (C:\Users\SnowTest\AppData\Local\Temp\playwright-java-9042564322434612093\package\lib\utils\manualPromise.js:91:52)
    at LongStandingScope.race (C:\Users\SnowTest\AppData\Local\Temp\playwright-java-9042564322434612093\package\lib\utils\manualPromise.js:84:17)
    at C:\Users\SnowTest\AppData\Local\Temp\playwright-java-9042564322434612093\package\lib\utils\manualPromise.js:81:43
    at Array.map (&lt;anonymous&gt;)
    at LongStandingScope.raceMultiple (C:\Users\SnowTest\AppData\Local\Temp\playwright-java-9042564322434612093\package\lib\utils\manualPromise.js:81:32)
    at Frame.retryWithProgressAndTimeouts (C:\Users\SnowTest\AppData\Local\Temp\playwright-java-9042564322434612093\package\lib\server\frames.js:908:40)
    at async C:\Users\SnowTest\AppData\Local\Temp\playwright-java-9042564322434612093\package\lib\server\frames.js:996:29
    at async ProgressController.run (C:\Users\SnowTest\AppData\Local\Temp\playwright-java-9042564322434612093\package\lib\server\progress.js:91:22)
    at async FrameDispatcher.click (C:\Users\SnowTest\AppData\Local\Temp\playwright-java-9042564322434612093\package\lib\server\dispatchers\frameDispatcher.js:158:12)
    at async LongStandingScope._race (C:\Users\SnowTest\AppData\Local\Temp\playwright-java-9042564322434612093\package\lib\utils\manualPromise.js:96:14)
    at async FrameDispatcher._handleCommand (C:\Users\SnowTest\AppData\Local\Temp\playwright-java-9042564322434612093\package\lib\server\dispatchers\dispatcher.js:96:14)
    at async DispatcherConnection.dispatch (C:\Users\SnowTest\AppData\Local\Temp\playwright-java-9042564322434612093\package\lib\server\dispatchers\dispatcher.js:362:22)
}
Call log:
- waiting for locator(&quot;span[class=&#039;nav-line-2 &#039;]&quot;)
" type="com.microsoft.playwright.PlaywrightException">
      <![CDATA[com.microsoft.playwright.PlaywrightException: Error {
  message='Target page, context or browser has been closed
  name='TargetClosedError
  stack='TargetClosedError:Target page, context or browser has been closed
Error
    at captureRawStack (C:\Users\SnowTest\AppData\Local\Temp\playwright-java-9042564322434612093\package\lib\utils\stackTrace.js:50:17)
    at LongStandingScope._race (C:\Users\SnowTest\AppData\Local\Temp\playwright-java-9042564322434612093\package\lib\utils\manualPromise.js:91:52)
    at LongStandingScope.race (C:\Users\SnowTest\AppData\Local\Temp\playwright-java-9042564322434612093\package\lib\utils\manualPromise.js:84:17)
    at C:\Users\SnowTest\AppData\Local\Temp\playwright-java-9042564322434612093\package\lib\utils\manualPromise.js:81:43
    at Array.map (<anonymous>)
    at LongStandingScope.raceMultiple (C:\Users\SnowTest\AppData\Local\Temp\playwright-java-9042564322434612093\package\lib\utils\manualPromise.js:81:32)
    at Frame.retryWithProgressAndTimeouts (C:\Users\SnowTest\AppData\Local\Temp\playwright-java-9042564322434612093\package\lib\server\frames.js:908:40)
    at async C:\Users\SnowTest\AppData\Local\Temp\playwright-java-9042564322434612093\package\lib\server\frames.js:996:29
    at async ProgressController.run (C:\Users\SnowTest\AppData\Local\Temp\playwright-java-9042564322434612093\package\lib\server\progress.js:91:22)
    at async FrameDispatcher.click (C:\Users\SnowTest\AppData\Local\Temp\playwright-java-9042564322434612093\package\lib\server\dispatchers\frameDispatcher.js:158:12)
    at async LongStandingScope._race (C:\Users\SnowTest\AppData\Local\Temp\playwright-java-9042564322434612093\package\lib\utils\manualPromise.js:96:14)
    at async FrameDispatcher._handleCommand (C:\Users\SnowTest\AppData\Local\Temp\playwright-java-9042564322434612093\package\lib\server\dispatchers\dispatcher.js:96:14)
    at async DispatcherConnection.dispatch (C:\Users\SnowTest\AppData\Local\Temp\playwright-java-9042564322434612093\package\lib\server\dispatchers\dispatcher.js:362:22)
}
Call log:
- waiting for locator("span[class='nav-line-2 ']")

at com.microsoft.playwright.impl.WaitableResult.get(WaitableResult.java:54)
at com.microsoft.playwright.impl.ChannelOwner.runUntil(ChannelOwner.java:120)
at com.microsoft.playwright.impl.Connection.sendMessage(Connection.java:129)
at com.microsoft.playwright.impl.ChannelOwner.sendMessage(ChannelOwner.java:106)
at com.microsoft.playwright.impl.FrameImpl.clickImpl(FrameImpl.java:252)
at com.microsoft.playwright.impl.PageImpl.lambda$click$17(PageImpl.java:586)
at com.microsoft.playwright.impl.LoggingSupport.lambda$withLogging$0(LoggingSupport.java:36)
at com.microsoft.playwright.impl.LoggingSupport.withLogging(LoggingSupport.java:47)
at com.microsoft.playwright.impl.ChannelOwner.withLogging(ChannelOwner.java:89)
at com.microsoft.playwright.impl.LoggingSupport.withLogging(LoggingSupport.java:35)
at com.microsoft.playwright.impl.PageImpl.click(PageImpl.java:585)
at com.microsoft.playwright.Page.click(Page.java:3779)
at com.qa.amazon.pages.HomePage.navigateToSignIn(HomePage.java:49)
at com.qa.amazon.tests.LoginPageTest.signInPagenavigationtest(LoginPageTest.java:14)
at java.base/jdk.internal.reflect.DirectMethodHandleAccessor.invoke(DirectMethodHandleAccessor.java:103)
at java.base/java.lang.reflect.Method.invoke(Method.java:580)
at org.testng.internal.MethodInvocationHelper.invokeMethod(MethodInvocationHelper.java:124)
at org.testng.internal.Invoker.invokeMethod(Invoker.java:583)
at org.testng.internal.Invoker.invokeTestMethod(Invoker.java:719)
at org.testng.internal.Invoker.invokeTestMethods(Invoker.java:989)
at org.testng.internal.TestMethodWorker.invokeTestMethods(TestMethodWorker.java:125)
at org.testng.internal.TestMethodWorker.run(TestMethodWorker.java:109)
at org.testng.TestRunner.privateRun(TestRunner.java:648)
at org.testng.TestRunner.run(TestRunner.java:505)
at org.testng.SuiteRunner.runTest(SuiteRunner.java:455)
at org.testng.SuiteRunner.runSequentially(SuiteRunner.java:450)
at org.testng.SuiteRunner.privateRun(SuiteRunner.java:415)
at org.testng.SuiteRunner.run(SuiteRunner.java:364)
at org.testng.SuiteRunnerWorker.runSuite(SuiteRunnerWorker.java:52)
at org.testng.SuiteRunnerWorker.run(SuiteRunnerWorker.java:84)
at org.testng.TestNG.runSuitesSequentially(TestNG.java:1208)
at org.testng.TestNG.runSuitesLocally(TestNG.java:1137)
at org.testng.TestNG.runSuites(TestNG.java:1049)
at org.testng.TestNG.run(TestNG.java:1017)
at org.testng.remote.AbstractRemoteTestNG.run(AbstractRemoteTestNG.java:115)
at org.testng.remote.RemoteTestNG.initAndRun(RemoteTestNG.java:251)
at org.testng.remote.RemoteTestNG.main(RemoteTestNG.java:77)
Caused by: com.microsoft.playwright.impl.TargetClosedError: Error {
  message='Target page, context or browser has been closed
  name='TargetClosedError
  stack='TargetClosedError:Target page, context or browser has been closed
Error
    at captureRawStack (C:\Users\SnowTest\AppData\Local\Temp\playwright-java-9042564322434612093\package\lib\utils\stackTrace.js:50:17)
    at LongStandingScope._race (C:\Users\SnowTest\AppData\Local\Temp\playwright-java-9042564322434612093\package\lib\utils\manualPromise.js:91:52)
    at LongStandingScope.race (C:\Users\SnowTest\AppData\Local\Temp\playwright-java-9042564322434612093\package\lib\utils\manualPromise.js:84:17)
    at C:\Users\SnowTest\AppData\Local\Temp\playwright-java-9042564322434612093\package\lib\utils\manualPromise.js:81:43
    at Array.map (<anonymous>)
    at LongStandingScope.raceMultiple (C:\Users\SnowTest\AppData\Local\Temp\playwright-java-9042564322434612093\package\lib\utils\manualPromise.js:81:32)
    at Frame.retryWithProgressAndTimeouts (C:\Users\SnowTest\AppData\Local\Temp\playwright-java-9042564322434612093\package\lib\server\frames.js:908:40)
    at async C:\Users\SnowTest\AppData\Local\Temp\playwright-java-9042564322434612093\package\lib\server\frames.js:996:29
    at async ProgressController.run (C:\Users\SnowTest\AppData\Local\Temp\playwright-java-9042564322434612093\package\lib\server\progress.js:91:22)
    at async FrameDispatcher.click (C:\Users\SnowTest\AppData\Local\Temp\playwright-java-9042564322434612093\package\lib\server\dispatchers\frameDispatcher.js:158:12)
    at async LongStandingScope._race (C:\Users\SnowTest\AppData\Local\Temp\playwright-java-9042564322434612093\package\lib\utils\manualPromise.js:96:14)
    at async FrameDispatcher._handleCommand (C:\Users\SnowTest\AppData\Local\Temp\playwright-java-9042564322434612093\package\lib\server\dispatchers\dispatcher.js:96:14)
    at async DispatcherConnection.dispatch (C:\Users\SnowTest\AppData\Local\Temp\playwright-java-9042564322434612093\package\lib\server\dispatchers\dispatcher.js:362:22)
}
Call log:
- waiting for locator("span[class='nav-line-2 ']")

at com.microsoft.playwright.impl.Connection.dispatch(Connection.java:256)
at com.microsoft.playwright.impl.Connection.processOneMessage(Connection.java:209)
at com.microsoft.playwright.impl.ChannelOwner.runUntil(ChannelOwner.java:118)
... 35 more
]]>
    </error>
  </testcase> <!-- signInPagenavigationtest -->
  <testcase classname="com.qa.amazon.tests.LoginPageTest" name="signInTest" time="0.067">
    <error message="Cannot invoke &quot;com.qa.amazon.pages.LoginPage.doSingIn(String, String)&quot; because &quot;this.loginpage&quot; is null" type="java.lang.NullPointerException">
      <![CDATA[java.lang.NullPointerException: Cannot invoke "com.qa.amazon.pages.LoginPage.doSingIn(String, String)" because "this.loginpage" is null
at com.qa.amazon.tests.LoginPageTest.signInTest(LoginPageTest.java:24)
at java.base/jdk.internal.reflect.DirectMethodHandleAccessor.invoke(DirectMethodHandleAccessor.java:103)
at java.base/java.lang.reflect.Method.invoke(Method.java:580)
at org.testng.internal.MethodInvocationHelper.invokeMethod(MethodInvocationHelper.java:124)
at org.testng.internal.Invoker.invokeMethod(Invoker.java:583)
at org.testng.internal.Invoker.invokeTestMethod(Invoker.java:719)
at org.testng.internal.Invoker.invokeTestMethods(Invoker.java:989)
at org.testng.internal.TestMethodWorker.invokeTestMethods(TestMethodWorker.java:125)
at org.testng.internal.TestMethodWorker.run(TestMethodWorker.java:109)
at org.testng.TestRunner.privateRun(TestRunner.java:648)
at org.testng.TestRunner.run(TestRunner.java:505)
at org.testng.SuiteRunner.runTest(SuiteRunner.java:455)
at org.testng.SuiteRunner.runSequentially(SuiteRunner.java:450)
at org.testng.SuiteRunner.privateRun(SuiteRunner.java:415)
at org.testng.SuiteRunner.run(SuiteRunner.java:364)
at org.testng.SuiteRunnerWorker.runSuite(SuiteRunnerWorker.java:52)
at org.testng.SuiteRunnerWorker.run(SuiteRunnerWorker.java:84)
at org.testng.TestNG.runSuitesSequentially(TestNG.java:1208)
at org.testng.TestNG.runSuitesLocally(TestNG.java:1137)
at org.testng.TestNG.runSuites(TestNG.java:1049)
at org.testng.TestNG.run(TestNG.java:1017)
at org.testng.remote.AbstractRemoteTestNG.run(AbstractRemoteTestNG.java:115)
at org.testng.remote.RemoteTestNG.initAndRun(RemoteTestNG.java:251)
at org.testng.remote.RemoteTestNG.main(RemoteTestNG.java:77)
]]>
    </error>
  </testcase> <!-- signInTest -->
</testsuite> <!-- com.qa.amazon.tests.LoginPageTest -->
